<?xml version="1.0" encoding="UTF-8"?>
<testng-results ignored="26" total="28" passed="2" failed="0" skipped="0">
  <reporter-output>
  </reporter-output>
  <suite started-at="2024-06-13T11:13:41 IST" name="Suite" finished-at="2024-06-13T11:14:41 IST" duration-ms="59456">
    <groups>
    </groups>
    <test started-at="2024-06-13T11:13:41 IST" name="Test" finished-at="2024-06-13T11:14:41 IST" duration-ms="59456">
      <class name="LinkCxOWeb.TestCase.WebTestCases">
        <test-method is-config="true" signature="setUp()[pri:0, instance:LinkCxOWeb.TestCase.WebTestCases@1d2adfbe]" started-at="2024-06-13T11:13:41 IST" name="setUp" finished-at="2024-06-13T11:13:46 IST" duration-ms="4965" status="PASS">
          <reporter-output>
          </reporter-output>
        </test-method> <!-- setUp -->
        <test-method signature="loginviaMobileNumber()[pri:1, instance:LinkCxOWeb.TestCase.WebTestCases@1d2adfbe]" started-at="2024-06-13T11:13:46 IST" name="loginviaMobileNumber" finished-at="2024-06-13T11:13:58 IST" duration-ms="11496" status="PASS">
          <reporter-output>
          </reporter-output>
        </test-method> <!-- loginviaMobileNumber -->
        <test-method signature="CreatePost()[pri:2, instance:LinkCxOWeb.TestCase.WebTestCases@1d2adfbe]" started-at="2024-06-13T11:13:58 IST" name="CreatePost" finished-at="2024-06-13T11:14:40 IST" duration-ms="42603" status="PASS">
          <reporter-output>
          </reporter-output>
        </test-method> <!-- CreatePost -->
        <test-method is-config="true" signature="teardown()[pri:0, instance:LinkCxOWeb.TestCase.WebTestCases@1d2adfbe]" started-at="2024-06-13T11:14:40 IST" name="teardown" finished-at="2024-06-13T11:14:41 IST" duration-ms="343" status="PASS">
          <reporter-output>
          </reporter-output>
        </test-method> <!-- teardown -->
      </class> <!-- LinkCxOWeb.TestCase.WebTestCases -->
    </test> <!-- Test -->
  </suite> <!-- Suite -->
</testng-results>
